<?xml version="1.0" encoding="UTF-8"?>
<!-- Generated by org.testng.reporters.JUnitReportReporter -->
<testsuite hostname="Egy-Mshafe-nb" name="tests.HomePageTest" tests="3" failures="0" timestamp="16 Feb 2018 21:46:24 GMT" time="2.350" errors="0">
  <testcase name="navigate_to_add_computer_screen" time="1.471" classname="tests.HomePageTest"/>
  <testcase name="search_for_non_existing_computer" time="0.611" classname="tests.HomePageTest"/>
  <testcase name="validate_header_name" time="0.268" classname="tests.HomePageTest"/>
</testsuite> <!-- tests.HomePageTest -->
