<?xml version="1.0" encoding="UTF-8"?>
<!-- Generated by org.testng.reporters.JUnitReportReporter -->
<testsuite hostname="Egy-Mshafe-nb" name="tests.AddNewComputerTest" tests="14" failures="0" timestamp="16 Feb 2018 21:48:55 GMT" time="13.812" errors="0">
  <testcase name="add_New_Computer_With_No_Inputs" time="0.516" classname="tests.AddNewComputerTest"/>
  <testcase name="add_New_Computer_With_All_Fields" time="2.093" classname="tests.AddNewComputerTest"/>
  <testcase name="add_New_Computer_With_Required_Fields" time="1.845" classname="tests.AddNewComputerTest"/>
  <testcase name="add_New_Computer_With_All_Fields" time="1.961" classname="tests.AddNewComputerTest"/>
  <testcase name="add_New_Computer_With_Required_Fields" time="1.666" classname="tests.AddNewComputerTest"/>
  <testcase name="add_New_Computer_With_No_Inputs" time="0.522" classname="tests.AddNewComputerTest"/>
  <testcase name="cancel_Add_New_Computer" time="0.542" classname="tests.AddNewComputerTest"/>
  <testcase name="validate_Header_Name" time="0.262" classname="tests.AddNewComputerTest"/>
  <testcase name="add_New_Computer_With_Invalid_Introduced_Dates" time="0.963" classname="tests.AddNewComputerTest"/>
  <testcase name="validate_Header_Name" time="0.251" classname="tests.AddNewComputerTest"/>
  <testcase name="add_New_Computer_With_Invalid_Introduced_Dates" time="0.824" classname="tests.AddNewComputerTest"/>
  <testcase name="add_New_Computer_With_Invalid_Discontinued_Dates" time="0.892" classname="tests.AddNewComputerTest"/>
  <testcase name="cancel_Add_New_Computer" time="0.499" classname="tests.AddNewComputerTest"/>
  <testcase name="add_New_Computer_With_Invalid_Discontinued_Dates" time="0.976" classname="tests.AddNewComputerTest"/>
</testsuite> <!-- tests.AddNewComputerTest -->
