<?xml version="1.0" encoding="UTF-8"?>
<!-- Generated by org.testng.reporters.JUnitReportReporter -->
<testsuite hostname="Egy-Mshafe-nb" name="tests.AddNewComputerTest" tests="7" failures="0" timestamp="16 Feb 2018 21:34:53 GMT" time="7.971" errors="0">
  <testcase name="add_New_Computer_With_No_Inputs" time="0.538" classname="tests.AddNewComputerTest"/>
  <testcase name="validate_Header_Name" time="0.270" classname="tests.AddNewComputerTest"/>
  <testcase name="add_New_Computer_With_Required_Fields" time="1.702" classname="tests.AddNewComputerTest"/>
  <testcase name="cancel_Add_New_Computer" time="0.517" classname="tests.AddNewComputerTest"/>
  <testcase name="add_New_Computer_With_Invalid_Discontinued_Dates" time="0.910" classname="tests.AddNewComputerTest"/>
  <testcase name="add_New_Computer_With_All_Fields" time="3.185" classname="tests.AddNewComputerTest"/>
  <testcase name="add_New_Computer_With_Invalid_Introduced_Dates" time="0.849" classname="tests.AddNewComputerTest"/>
</testsuite> <!-- tests.AddNewComputerTest -->
