<?xml version="1.0" encoding="UTF-8"?>
<!-- Generated by org.testng.reporters.JUnitReportReporter -->
<testsuite hostname="Egy-Mshafe-nb" name="tests.DeleteComputerTest" tests="4" failures="0" timestamp="16 Feb 2018 21:48:55 GMT" time="4.633" errors="0">
  <testcase name="add_New_Computer_With_All_Fields" time="0.942" classname="tests.DeleteComputerTest"/>
  <testcase name="delete_Computer" time="1.364" classname="tests.DeleteComputerTest"/>
  <testcase name="delete_Computer" time="1.182" classname="tests.DeleteComputerTest"/>
  <testcase name="add_New_Computer_With_All_Fields" time="1.145" classname="tests.DeleteComputerTest"/>
</testsuite> <!-- tests.DeleteComputerTest -->
