<?xml version="1.0" encoding="UTF-8"?>
<!-- Generated by org.testng.reporters.JUnitReportReporter -->
<testsuite hostname="Egy-Mshafe-nb" name="tests.UpdateComputerTest" tests="10" failures="0" timestamp="16 Feb 2018 21:48:55 GMT" time="13.181" errors="0">
  <testcase name="update_Computer_With_All_Fields" time="2.873" classname="tests.UpdateComputerTest"/>
  <testcase name="cancel_Update_Computer" time="1.100" classname="tests.UpdateComputerTest"/>
  <testcase name="cancel_Update_Computer" time="1.041" classname="tests.UpdateComputerTest"/>
  <testcase name="add_New_Computer_With_All_Fields" time="0.927" classname="tests.UpdateComputerTest"/>
  <testcase name="update_Computer_Name_With_No_Value" time="1.109" classname="tests.UpdateComputerTest"/>
  <testcase name="update_Computer_Name_With_No_Value" time="1.172" classname="tests.UpdateComputerTest"/>
  <testcase name="add_New_Computer_With_All_Fields" time="0.728" classname="tests.UpdateComputerTest"/>
  <testcase name="validate_Header_Name" time="0.781" classname="tests.UpdateComputerTest"/>
  <testcase name="validate_Header_Name" time="0.925" classname="tests.UpdateComputerTest"/>
  <testcase name="update_Computer_With_All_Fields" time="2.525" classname="tests.UpdateComputerTest"/>
</testsuite> <!-- tests.UpdateComputerTest -->
