<?xml version="1.0" encoding="UTF-8"?>
<!-- Generated by org.testng.reporters.JUnitReportReporter -->
<testsuite hostname="Egy-Mshafe-nb" name="tests.HomePageTest" tests="6" failures="0" timestamp="16 Feb 2018 21:48:55 GMT" time="4.924" errors="0">
  <testcase name="validate_header_name" time="0.266" classname="tests.HomePageTest"/>
  <testcase name="search_for_non_existing_computer" time="0.727" classname="tests.HomePageTest"/>
  <testcase name="validate_header_name" time="0.221" classname="tests.HomePageTest"/>
  <testcase name="navigate_to_add_computer_screen" time="1.352" classname="tests.HomePageTest"/>
  <testcase name="search_for_non_existing_computer" time="0.704" classname="tests.HomePageTest"/>
  <testcase name="navigate_to_add_computer_screen" time="1.654" classname="tests.HomePageTest"/>
</testsuite> <!-- tests.HomePageTest -->
